<?xml version="1.0" encoding="UTF-8"?>
<!-- Generated by org.testng.reporters.JUnitXMLReporter -->
<testsuite hostname="DESKTOP-30FM7VO" ignored="0" name="Test" tests="4" failures="0" timestamp="06 May 2021 07:24:02 GMT" time="72.555" errors="0">
  <testcase name="verifyMandatoryContactDetails" time="0.855" classname="com.qa.testcases.ContactsPageTest"/>
  <testcase name="test_VerifyCartItems" time="1.107" classname="com.qa.testcases.ShopPageTest"/>
  <testcase name="validateCreateNewContact" time="11.56" classname="com.qa.testcases.ContactsPageTest"/>
  <testcase name="test_VerifyAdvancedCartItems" time="2.022" classname="com.qa.testcases.ShopPageTest"/>
</testsuite> <!-- Test -->
