<?xml version="1.0" encoding="UTF-8"?>
<testng-results skipped="0" failed="0" ignored="0" total="4" passed="4">
  <reporter-output>
  </reporter-output>
  <suite name="Suite" duration-ms="72555" started-at="2021-05-06T07:22:49Z" finished-at="2021-05-06T07:24:02Z">
    <groups>
    </groups>
    <test name="Test" duration-ms="72555" started-at="2021-05-06T07:22:49Z" finished-at="2021-05-06T07:24:02Z">
      <class name="com.qa.testcases.ContactsPageTest">
        <test-method status="PASS" signature="setUp()[pri:0, instance:com.qa.testcases.ContactsPageTest@59f99ea]" name="setUp" is-config="true" duration-ms="23075" started-at="2021-05-06T12:52:49Z" finished-at="2021-05-06T12:53:12Z">
          <reporter-output>
          </reporter-output>
        </test-method> <!-- setUp -->
        <test-method status="PASS" signature="verifyMandatoryContactDetails()[pri:1, instance:com.qa.testcases.ContactsPageTest@59f99ea]" name="verifyMandatoryContactDetails" duration-ms="855" started-at="2021-05-06T12:53:12Z" finished-at="2021-05-06T12:53:13Z">
          <reporter-output>
          </reporter-output>
        </test-method> <!-- verifyMandatoryContactDetails -->
        <test-method status="PASS" signature="tearDown()[pri:0, instance:com.qa.testcases.ContactsPageTest@59f99ea]" name="tearDown" is-config="true" duration-ms="897" started-at="2021-05-06T12:53:13Z" finished-at="2021-05-06T12:53:14Z">
          <reporter-output>
          </reporter-output>
        </test-method> <!-- tearDown -->
        <test-method status="PASS" signature="setUp()[pri:0, instance:com.qa.testcases.ContactsPageTest@59f99ea]" name="setUp" is-config="true" duration-ms="9215" started-at="2021-05-06T12:53:27Z" finished-at="2021-05-06T12:53:36Z">
          <reporter-output>
          </reporter-output>
        </test-method> <!-- setUp -->
        <test-method status="PASS" signature="validateCreateNewContact()[pri:2, instance:com.qa.testcases.ContactsPageTest@59f99ea]" name="validateCreateNewContact" duration-ms="11560" started-at="2021-05-06T12:53:36Z" finished-at="2021-05-06T12:53:48Z">
          <reporter-output>
          </reporter-output>
        </test-method> <!-- validateCreateNewContact -->
        <test-method status="PASS" signature="tearDown()[pri:0, instance:com.qa.testcases.ContactsPageTest@59f99ea]" name="tearDown" is-config="true" duration-ms="1272" started-at="2021-05-06T12:53:48Z" finished-at="2021-05-06T12:53:49Z">
          <reporter-output>
          </reporter-output>
        </test-method> <!-- tearDown -->
      </class> <!-- com.qa.testcases.ContactsPageTest -->
      <class name="com.qa.testcases.ShopPageTest">
        <test-method status="PASS" signature="setUp()[pri:0, instance:com.qa.testcases.ShopPageTest@27efef64]" name="setUp" is-config="true" duration-ms="10807" started-at="2021-05-06T12:53:14Z" finished-at="2021-05-06T12:53:25Z">
          <reporter-output>
          </reporter-output>
        </test-method> <!-- setUp -->
        <test-method status="PASS" signature="test_VerifyCartItems()[pri:1, instance:com.qa.testcases.ShopPageTest@27efef64]" name="test_VerifyCartItems" duration-ms="1107" started-at="2021-05-06T12:53:25Z" finished-at="2021-05-06T12:53:26Z">
          <reporter-output>
          </reporter-output>
        </test-method> <!-- test_VerifyCartItems -->
        <test-method status="PASS" signature="tearDown()[pri:0, instance:com.qa.testcases.ShopPageTest@27efef64]" name="tearDown" is-config="true" duration-ms="800" started-at="2021-05-06T12:53:26Z" finished-at="2021-05-06T12:53:27Z">
          <reporter-output>
          </reporter-output>
        </test-method> <!-- tearDown -->
        <test-method status="PASS" signature="setUp()[pri:0, instance:com.qa.testcases.ShopPageTest@27efef64]" name="setUp" is-config="true" duration-ms="10110" started-at="2021-05-06T12:53:49Z" finished-at="2021-05-06T12:53:59Z">
          <reporter-output>
          </reporter-output>
        </test-method> <!-- setUp -->
        <test-method status="PASS" signature="test_VerifyAdvancedCartItems()[pri:2, instance:com.qa.testcases.ShopPageTest@27efef64]" name="test_VerifyAdvancedCartItems" duration-ms="2022" started-at="2021-05-06T12:53:59Z" finished-at="2021-05-06T12:54:01Z">
          <reporter-output>
          </reporter-output>
        </test-method> <!-- test_VerifyAdvancedCartItems -->
        <test-method status="PASS" signature="tearDown()[pri:0, instance:com.qa.testcases.ShopPageTest@27efef64]" name="tearDown" is-config="true" duration-ms="797" started-at="2021-05-06T12:54:01Z" finished-at="2021-05-06T12:54:02Z">
          <reporter-output>
          </reporter-output>
        </test-method> <!-- tearDown -->
      </class> <!-- com.qa.testcases.ShopPageTest -->
    </test> <!-- Test -->
  </suite> <!-- Suite -->
</testng-results>
